#
# There is insufficient memory for the Java Runtime Environment to continue.
# Native memory allocation (malloc) failed to allocate 1387584 bytes for Chunk::new
# Possible reasons:
#   The system is out of physical RAM or swap space
#   In 32 bit mode, the process size limit was hit
# Possible solutions:
#   Reduce memory load on the system
#   Increase physical memory or swap space
#   Check if swap backing store is full
#   Use 64 bit Java on a 64 bit OS
#   Decrease Java heap size (-Xmx/-Xms)
#   Decrease number of Java threads
#   Decrease Java thread stack sizes (-Xss)
#   Set larger code cache with -XX:ReservedCodeCacheSize=
# This output file may be truncated or incomplete.
#
#  Out of Memory Error (allocation.cpp:390), pid=11828, tid=0x0000000000002cd0
#
# JRE version: Java(TM) SE Runtime Environment (8.0_162-b12) (build 1.8.0_162-b12)
# Java VM: Java HotSpot(TM) 64-Bit Server VM (25.162-b12 mixed mode windows-amd64 compressed oops)
# Failed to write core dump. Minidumps are not enabled by default on client versions of Windows
#

---------------  T H R E A D  ---------------

Current thread (0x0000000018ee3800):  JavaThread "C2 CompilerThread0" daemon [_thread_in_native, id=11472, stack(0x0000000019a70000,0x0000000019b70000)]

Stack: [0x0000000019a70000,0x0000000019b70000]
[error occurred during error reporting (printing stack bounds), id 0xc0000005]

Native frames: (J=compiled Java code, j=interpreted, Vv=VM code, C=native code)


Current CompileTask:
C2:  24624 7711       4       org.springframework.asm.ClassReader::readCode (5926 bytes)


---------------  P R O C E S S  ---------------

Java Threads: ( => current thread )
  0x000000001a2e5800 JavaThread "Keep-Alive-Timer" daemon [_thread_blocked, id=12932, stack(0x0000000023280000,0x0000000023380000)]
  0x000000001a2e3000 JavaThread "http-nio-auto-1-1434-AsyncTimeout" daemon [_thread_blocked, id=5196, stack(0x0000000023180000,0x0000000023280000)]
  0x000000001a2e7000 JavaThread "http-nio-auto-1-Acceptor-0" daemon [_thread_in_native, id=12368, stack(0x0000000023080000,0x0000000023180000)]
  0x000000001a2e0000 JavaThread "http-nio-auto-1-ClientPoller-1" daemon [_thread_in_native, id=10404, stack(0x0000000022f80000,0x0000000023080000)]
  0x000000001a2d8800 JavaThread "http-nio-auto-1-ClientPoller-0" daemon [_thread_in_native, id=7212, stack(0x0000000022e80000,0x0000000022f80000)]
  0x000000001a2df800 JavaThread "http-nio-auto-1-exec-10" daemon [_thread_blocked, id=8376, stack(0x0000000022c80000,0x0000000022d80000)]
  0x000000001a2dc800 JavaThread "http-nio-auto-1-exec-9" daemon [_thread_blocked, id=3228, stack(0x0000000022990000,0x0000000022a90000)]
  0x000000001a2d8000 JavaThread "http-nio-auto-1-exec-8" daemon [_thread_blocked, id=13268, stack(0x0000000022890000,0x0000000022990000)]
  0x000000001a2de800 JavaThread "http-nio-auto-1-exec-7" daemon [_thread_blocked, id=6316, stack(0x0000000022790000,0x0000000022890000)]
  0x000000001a2db800 JavaThread "http-nio-auto-1-exec-6" daemon [_thread_blocked, id=10104, stack(0x0000000022690000,0x0000000022790000)]
  0x000000001a2de000 JavaThread "http-nio-auto-1-exec-5" daemon [_thread_blocked, id=10004, stack(0x0000000022590000,0x0000000022690000)]
  0x000000001a2dd000 JavaThread "http-nio-auto-1-exec-4" daemon [_thread_blocked, id=5588, stack(0x0000000022490000,0x0000000022590000)]
  0x000000001a2db000 JavaThread "http-nio-auto-1-exec-3" daemon [_thread_blocked, id=11772, stack(0x0000000022390000,0x0000000022490000)]
  0x000000001a2da000 JavaThread "http-nio-auto-1-exec-2" daemon [_thread_blocked, id=6292, stack(0x0000000022290000,0x0000000022390000)]
  0x000000001a2d9800 JavaThread "http-nio-auto-1-exec-1" daemon [_thread_blocked, id=4304, stack(0x0000000022190000,0x0000000022290000)]
  0x000000001cf95800 JavaThread "NioBlockingSelector.BlockPoller-1" daemon [_thread_in_native, id=12428, stack(0x0000000022090000,0x0000000022190000)]
  0x000000001cf9b800 JavaThread "container-0" [_thread_blocked, id=10640, stack(0x0000000021da0000,0x0000000021ea0000)]
  0x000000001da08000 JavaThread "ContainerBackgroundProcessor[StandardEngine[Tomcat]]" daemon [_thread_blocked, id=11460, stack(0x0000000021ca0000,0x0000000021da0000)]
  0x000000001b95d800 JavaThread "localhost-startStop-1" daemon [_thread_blocked, id=2180, stack(0x00000000207d0000,0x00000000208d0000)]
  0x000000001b6a5000 JavaThread "Tomcat-startStop-1" daemon [_thread_blocked, id=9168, stack(0x00000000206d0000,0x00000000207d0000)]
  0x000000001983e800 JavaThread "surefire-forkedjvm-ping-30s" daemon [_thread_blocked, id=6544, stack(0x000000001b040000,0x000000001b140000)]
  0x0000000019599000 JavaThread "surefire-forkedjvm-command-thread" daemon [_thread_in_native, id=6840, stack(0x0000000019f70000,0x000000001a070000)]
  0x000000001932c000 JavaThread "Service Thread" daemon [_thread_blocked, id=9296, stack(0x0000000019d70000,0x0000000019e70000)]
  0x00000000192a7000 JavaThread "C1 CompilerThread2" daemon [_thread_blocked, id=9200, stack(0x0000000019c70000,0x0000000019d70000)]
  0x0000000018ee8800 JavaThread "C2 CompilerThread1" daemon [_thread_in_native, id=10140, stack(0x0000000019b70000,0x0000000019c70000)]
=>0x0000000018ee3800 JavaThread "C2 CompilerThread0" daemon [_thread_in_native, id=11472, stack(0x0000000019a70000,0x0000000019b70000)]
  0x00000000174bf000 JavaThread "Attach Listener" daemon [_thread_blocked, id=5064, stack(0x0000000018a30000,0x0000000018b30000)]
  0x00000000174bd800 JavaThread "Signal Dispatcher" daemon [_thread_blocked, id=13336, stack(0x0000000018930000,0x0000000018a30000)]
  0x0000000002bad800 JavaThread "Finalizer" daemon [_thread_blocked, id=5188, stack(0x0000000018720000,0x0000000018820000)]
  0x0000000002ba2000 JavaThread "Reference Handler" daemon [_thread_blocked, id=9128, stack(0x0000000018620000,0x0000000018720000)]
  0x0000000002ab2800 JavaThread "main" [_thread_in_Java, id=2712, stack(0x0000000002720000,0x0000000002820000)]

Other Threads:
  0x0000000017487000 VMThread [stack: 0x0000000018520000,0x0000000018620000] [id=8564]
  0x0000000018f2d800 WatcherThread [stack: 0x0000000019e70000,0x0000000019f70000] [id=13664]

VM state:not at safepoint (normal execution)

VM Mutex/Monitor currently owned by a thread: None

Heap:
 PSYoungGen      total 268800K, used 180755K [0x00000000d7180000, 0x00000000e9000000, 0x0000000100000000)
  eden space 256000K, 66% used [0x00000000d7180000,0x00000000e17dfcb8,0x00000000e6b80000)
  from space 12800K, 81% used [0x00000000e7900000,0x00000000e8325030,0x00000000e8580000)
  to   space 13824K, 0% used [0x00000000e6b80000,0x00000000e6b80000,0x00000000e7900000)
 ParOldGen       total 92160K, used 29107K [0x0000000085400000, 0x000000008ae00000, 0x00000000d7180000)
  object space 92160K, 31% used [0x0000000085400000,0x000000008706ced0,0x000000008ae00000)
 Metaspace       used 51168K, capacity 53148K, committed 53504K, reserved 1095680K
  class space    used 5960K, capacity 6296K, committed 6400K, reserved 1048576K

Card table byte_map: [0x0000000011f70000,0x0000000012350000] byte_map_base: 0x0000000011b46000

Marking Bits: (ParMarkBitMap*) 0x000000005e2f0860
 Begin Bits: [0x00000000129e0000, 0x0000000014890000)
 End Bits:   [0x0000000014890000, 0x0000000016740000)

Polling page: 0x0000000000930000

CodeCache: size=245760Kb used=23930Kb max_used=23930Kb free=221829Kb
 bounds [0x0000000002bb0000, 0x0000000004340000, 0x0000000011bb0000]
 total_blobs=6679 nmethods=6204 adapters=386
 compilation: enabled

Compilation events (10 events):
Event: 24.599 Thread 0x00000000192a7000 7795       3       org.springframework.boot.autoconfigure.condition.OnClassCondition$MatchType::access$300 (15 bytes)
Event: 24.599 Thread 0x00000000192a7000 nmethod 7795 0x0000000002cce450 code [0x0000000002cce5c0, 0x0000000002cce798]
Event: 24.600 Thread 0x00000000192a7000 7796       3       org.springframework.boot.autoconfigure.condition.ConditionMessage::empty (17 bytes)
Event: 24.600 Thread 0x00000000192a7000 nmethod 7796 0x0000000003901d10 code [0x0000000003901ec0, 0x00000000039022c8]
Event: 24.600 Thread 0x00000000192a7000 7797       3       org.springframework.context.annotation.AnnotationConfigUtils::attributesFor (18 bytes)
Event: 24.601 Thread 0x00000000192a7000 nmethod 7797 0x0000000003901350 code [0x0000000003901500, 0x00000000039019e8]
Event: 24.601 Thread 0x00000000192a7000 7798       3       org.springframework.boot.autoconfigure.condition.ConditionEvaluationReport::locateParent (88 bytes)
Event: 24.602 Thread 0x00000000192a7000 nmethod 7798 0x0000000003a01a50 code [0x0000000003a01c00, 0x0000000003a02228]
Event: 24.603 Thread 0x00000000192a7000 7799       3       org.springframework.context.annotation.ConfigurationClassParser$SourceClass::asConfigClass (61 bytes)
Event: 24.604 Thread 0x00000000192a7000 nmethod 7799 0x0000000003a00fd0 code [0x0000000003a01180, 0x0000000003a017e8]

GC Heap History (10 events):
Event: 10.393 GC heap before
{Heap before GC invocations=12 (full 1):
 PSYoungGen      total 171520K, used 102753K [0x00000000d7180000, 0x00000000e2600000, 0x0000000100000000)
  eden space 165376K, 58% used [0x00000000d7180000,0x00000000dcfdf590,0x00000000e1300000)
  from space 6144K, 99% used [0x00000000e1c00000,0x00000000e21f9070,0x00000000e2200000)
  to   space 9216K, 0% used [0x00000000e1300000,0x00000000e1300000,0x00000000e1c00000)
 ParOldGen       total 52736K, used 14238K [0x0000000085400000, 0x0000000088780000, 0x00000000d7180000)
  object space 52736K, 26% used [0x0000000085400000,0x00000000861e7868,0x0000000088780000)
 Metaspace       used 34358K, capacity 35322K, committed 35496K, reserved 1081344K
  class space    used 4039K, capacity 4261K, committed 4352K, reserved 1048576K
Event: 10.418 GC heap after
Heap after GC invocations=12 (full 1):
 PSYoungGen      total 174592K, used 4241K [0x00000000d7180000, 0x00000000e5680000, 0x0000000100000000)
  eden space 165376K, 0% used [0x00000000d7180000,0x00000000d7180000,0x00000000e1300000)
  from space 9216K, 46% used [0x00000000e1300000,0x00000000e1724740,0x00000000e1c00000)
  to   space 9216K, 0% used [0x00000000e4d80000,0x00000000e4d80000,0x00000000e5680000)
 ParOldGen       total 52736K, used 20126K [0x0000000085400000, 0x0000000088780000, 0x00000000d7180000)
  object space 52736K, 38% used [0x0000000085400000,0x00000000867a7840,0x0000000088780000)
 Metaspace       used 34358K, capacity 35322K, committed 35496K, reserved 1081344K
  class space    used 4039K, capacity 4261K, committed 4352K, reserved 1048576K
}
Event: 10.418 GC heap before
{Heap before GC invocations=13 (full 2):
 PSYoungGen      total 174592K, used 4241K [0x00000000d7180000, 0x00000000e5680000, 0x0000000100000000)
  eden space 165376K, 0% used [0x00000000d7180000,0x00000000d7180000,0x00000000e1300000)
  from space 9216K, 46% used [0x00000000e1300000,0x00000000e1724740,0x00000000e1c00000)
  to   space 9216K, 0% used [0x00000000e4d80000,0x00000000e4d80000,0x00000000e5680000)
 ParOldGen       total 52736K, used 20126K [0x0000000085400000, 0x0000000088780000, 0x00000000d7180000)
  object space 52736K, 38% used [0x0000000085400000,0x00000000867a7840,0x0000000088780000)
 Metaspace       used 34358K, capacity 35322K, committed 35496K, reserved 1081344K
  class space    used 4039K, capacity 4261K, committed 4352K, reserved 1048576K
Event: 10.536 GC heap after
Heap after GC invocations=13 (full 2):
 PSYoungGen      total 174592K, used 0K [0x00000000d7180000, 0x00000000e5680000, 0x0000000100000000)
  eden space 165376K, 0% used [0x00000000d7180000,0x00000000d7180000,0x00000000e1300000)
  from space 9216K, 0% used [0x00000000e1300000,0x00000000e1300000,0x00000000e1c00000)
  to   space 9216K, 0% used [0x00000000e4d80000,0x00000000e4d80000,0x00000000e5680000)
 ParOldGen       total 92160K, used 17317K [0x0000000085400000, 0x000000008ae00000, 0x00000000d7180000)
  object space 92160K, 18% used [0x0000000085400000,0x00000000864e9450,0x000000008ae00000)
 Metaspace       used 34358K, capacity 35322K, committed 35496K, reserved 1081344K
  class space    used 4039K, capacity 4261K, committed 4352K, reserved 1048576K
}
Event: 13.489 GC heap before
{Heap before GC invocations=14 (full 2):
 PSYoungGen      total 174592K, used 165376K [0x00000000d7180000, 0x00000000e5680000, 0x0000000100000000)
  eden space 165376K, 100% used [0x00000000d7180000,0x00000000e1300000,0x00000000e1300000)
  from space 9216K, 0% used [0x00000000e1300000,0x00000000e1300000,0x00000000e1c00000)
  to   space 9216K, 0% used [0x00000000e4d80000,0x00000000e4d80000,0x00000000e5680000)
 ParOldGen       total 92160K, used 17317K [0x0000000085400000, 0x000000008ae00000, 0x00000000d7180000)
  object space 92160K, 18% used [0x0000000085400000,0x00000000864e9450,0x000000008ae00000)
 Metaspace       used 38030K, capacity 39484K, committed 39680K, reserved 1083392K
  class space    used 4484K, capacity 4772K, committed 4864K, reserved 1048576K
Event: 13.510 GC heap after
Heap after GC invocations=14 (full 2):
 PSYoungGen      total 216576K, used 7855K [0x00000000d7180000, 0x00000000e5580000, 0x0000000100000000)
  eden space 208384K, 0% used [0x00000000d7180000,0x00000000d7180000,0x00000000e3d00000)
  from space 8192K, 95% used [0x00000000e4d80000,0x00000000e552be48,0x00000000e5580000)
  to   space 9728K, 0% used [0x00000000e4280000,0x00000000e4280000,0x00000000e4c00000)
 ParOldGen       total 92160K, used 17325K [0x0000000085400000, 0x000000008ae00000, 0x00000000d7180000)
  object space 92160K, 18% used [0x0000000085400000,0x00000000864eb450,0x000000008ae00000)
 Metaspace       used 38030K, capacity 39484K, committed 39680K, reserved 1083392K
  class space    used 4484K, capacity 4772K, committed 4864K, reserved 1048576K
}
Event: 18.382 GC heap before
{Heap before GC invocations=15 (full 2):
 PSYoungGen      total 216576K, used 216239K [0x00000000d7180000, 0x00000000e5580000, 0x0000000100000000)
  eden space 208384K, 100% used [0x00000000d7180000,0x00000000e3d00000,0x00000000e3d00000)
  from space 8192K, 95% used [0x00000000e4d80000,0x00000000e552be48,0x00000000e5580000)
  to   space 9728K, 0% used [0x00000000e4280000,0x00000000e4280000,0x00000000e4c00000)
 ParOldGen       total 92160K, used 17325K [0x0000000085400000, 0x000000008ae00000, 0x00000000d7180000)
  object space 92160K, 18% used [0x0000000085400000,0x00000000864eb450,0x000000008ae00000)
 Metaspace       used 44438K, capacity 46250K, committed 46336K, reserved 1089536K
  class space    used 5234K, capacity 5551K, committed 5632K, reserved 1048576K
Event: 18.405 GC heap after
Heap after GC invocations=15 (full 2):
 PSYoungGen      total 223744K, used 9696K [0x00000000d7180000, 0x00000000e8580000, 0x0000000100000000)
  eden space 214016K, 0% used [0x00000000d7180000,0x00000000d7180000,0x00000000e4280000)
  from space 9728K, 99% used [0x00000000e4280000,0x00000000e4bf8008,0x00000000e4c00000)
  to   space 12800K, 0% used [0x00000000e7900000,0x00000000e7900000,0x00000000e8580000)
 ParOldGen       total 92160K, used 21431K [0x0000000085400000, 0x000000008ae00000, 0x00000000d7180000)
  object space 92160K, 23% used [0x0000000085400000,0x00000000868edff0,0x000000008ae00000)
 Metaspace       used 44438K, capacity 46250K, committed 46336K, reserved 1089536K
  class space    used 5234K, capacity 5551K, committed 5632K, reserved 1048576K
}
Event: 21.985 GC heap before
{Heap before GC invocations=16 (full 2):
 PSYoungGen      total 223744K, used 223712K [0x00000000d7180000, 0x00000000e8580000, 0x0000000100000000)
  eden space 214016K, 100% used [0x00000000d7180000,0x00000000e4280000,0x00000000e4280000)
  from space 9728K, 99% used [0x00000000e4280000,0x00000000e4bf8008,0x00000000e4c00000)
  to   space 12800K, 0% used [0x00000000e7900000,0x00000000e7900000,0x00000000e8580000)
 ParOldGen       total 92160K, used 21431K [0x0000000085400000, 0x000000008ae00000, 0x00000000d7180000)
  object space 92160K, 23% used [0x0000000085400000,0x00000000868edff0,0x000000008ae00000)
 Metaspace       used 47603K, capacity 49450K, committed 49664K, reserved 1093632K
  class space    used 5501K, capacity 5829K, committed 5888K, reserved 1048576K
Event: 22.046 GC heap after
Heap after GC invocations=16 (full 2):
 PSYoungGen      total 268800K, used 10388K [0x00000000d7180000, 0x00000000e9000000, 0x0000000100000000)
  eden space 256000K, 0% used [0x00000000d7180000,0x00000000d7180000,0x00000000e6b80000)
  from space 12800K, 81% used [0x00000000e7900000,0x00000000e8325030,0x00000000e8580000)
  to   space 13824K, 0% used [0x00000000e6b80000,0x00000000e6b80000,0x00000000e7900000)
 ParOldGen       total 92160K, used 29107K [0x0000000085400000, 0x000000008ae00000, 0x00000000d7180000)
  object space 92160K, 31% used [0x0000000085400000,0x000000008706ced0,0x000000008ae00000)
 Metaspace       used 47603K, capacity 49450K, committed 49664K, reserved 1093632K
  class space    used 5501K, capacity 5829K, committed 5888K, reserved 1048576K
}

Deoptimization events (10 events):
Event: 22.843 Thread 0x0000000002ab2800 Uncommon trap: reason=bimorphic action=maybe_recompile pc=0x00000000030f94c0 method=java.net.URL.<init>(Ljava/net/URL;Ljava/lang/String;Ljava/net/URLStreamHandler;)V @ 504
Event: 22.843 Thread 0x0000000002ab2800 Uncommon trap: reason=unstable_if action=reinterpret pc=0x00000000039700d0 method=java.net.URLStreamHandler.parseURL(Ljava/net/URL;Ljava/lang/String;II)V @ 155
Event: 22.848 Thread 0x0000000002ab2800 Uncommon trap: reason=unstable_if action=reinterpret pc=0x00000000031906f0 method=java.util.Properties$LineReader.readLine()I @ 174
Event: 23.321 Thread 0x000000001a2da000 Uncommon trap: reason=bimorphic action=maybe_recompile pc=0x0000000002d2483c method=java.util.AbstractList$Itr.next()Ljava/lang/Object; @ 14
Event: 23.669 Thread 0x0000000002ab2800 Uncommon trap: reason=unstable_if action=reinterpret pc=0x0000000002d6e514 method=java.util.regex.Pattern$Curly.match0(Ljava/util/regex/Matcher;IILjava/lang/CharSequence;)Z @ 5
Event: 23.669 Thread 0x0000000002ab2800 Uncommon trap: reason=unstable_if action=reinterpret pc=0x000000000326591c method=java.util.regex.Pattern$Curly.match0(Ljava/util/regex/Matcher;IILjava/lang/CharSequence;)Z @ 5
Event: 24.380 Thread 0x0000000002ab2800 Uncommon trap: reason=array_check action=maybe_recompile pc=0x0000000003364300 method=sun.reflect.annotation.AnnotationParser.parseAnnotationArray(ILjava/lang/Class;Ljava/nio/ByteBuffer;Lsun/reflect/ConstantPool;Ljava/lang/Class;)Ljava/lang/Object; @ 53
Event: 24.381 Thread 0x0000000002ab2800 Uncommon trap: reason=array_check action=maybe_recompile pc=0x0000000003364300 method=sun.reflect.annotation.AnnotationParser.parseAnnotationArray(ILjava/lang/Class;Ljava/nio/ByteBuffer;Lsun/reflect/ConstantPool;Ljava/lang/Class;)Ljava/lang/Object; @ 53
Event: 24.381 Thread 0x0000000002ab2800 Uncommon trap: reason=array_check action=maybe_recompile pc=0x0000000003364300 method=sun.reflect.annotation.AnnotationParser.parseAnnotationArray(ILjava/lang/Class;Ljava/nio/ByteBuffer;Lsun/reflect/ConstantPool;Ljava/lang/Class;)Ljava/lang/Object; @ 53
Event: 24.381 Thread 0x0000000002ab2800 Uncommon trap: reason=array_check action=maybe_recompile pc=0x0000000003364300 method=sun.reflect.annotation.AnnotationParser.parseAnnotationArray(ILjava/lang/Class;Ljava/nio/ByteBuffer;Lsun/reflect/ConstantPool;Ljava/lang/Class;)Ljava/lang/Object; @ 53

Classes redefined (0 events):
No events

Internal exceptions (10 events):
Event: 23.744 Thread 0x0000000002ab2800 Exception <a 'java/lang/NoClassDefFoundError': org/springframework/transaction/interceptor/TransactionAttributeSource> (0x00000000ddb2cd98) thrown at [C:\re\workspace\8-2-build-windows-amd64-cygwin\jdk8u162\10278\hotspot\src\share\vm\classfile\systemDicti
Event: 23.746 Thread 0x0000000002ab2800 Exception <a 'java/lang/NoClassDefFoundError': org/springframework/transaction/interceptor/TransactionAttribute> (0x00000000ddb396e8) thrown at [C:\re\workspace\8-2-build-windows-amd64-cygwin\jdk8u162\10278\hotspot\src\share\vm\classfile\systemDictionary.
Event: 23.876 Thread 0x0000000002ab2800 Exception <a 'java/lang/NoClassDefFoundError': org/springframework/jdbc/CannotGetJdbcConnectionException> (0x00000000ddf99468) thrown at [C:\re\workspace\8-2-build-windows-amd64-cygwin\jdk8u162\10278\hotspot\src\share\vm\classfile\systemDictionary.cpp, li
Event: 23.900 Thread 0x0000000002ab2800 Exception <a 'java/lang/ClassNotFoundException': java/lang/ObjectCustomizer> (0x00000000de0ac148) thrown at [C:\re\workspace\8-2-build-windows-amd64-cygwin\jdk8u162\10278\hotspot\src\share\vm\classfile\systemDictionary.cpp, line 210]
Event: 23.901 Thread 0x0000000002ab2800 Exception <a 'java/lang/ClassNotFoundException': org/springframework/context/annotation/ConfigurationClassPostProcessorCustomizer> (0x00000000de0ccd70) thrown at [C:\re\workspace\8-2-build-windows-amd64-cygwin\jdk8u162\10278\hotspot\src\share\vm\classfile
Event: 23.903 Thread 0x0000000002ab2800 Exception <a 'java/lang/ClassNotFoundException': org/springframework/beans/factory/support/BeanDefinitionRegistryPostProcessorCustomizer> (0x00000000de0fdb60) thrown at [C:\re\workspace\8-2-build-windows-amd64-cygwin\jdk8u162\10278\hotspot\src\share\vm\cl
Event: 23.904 Thread 0x0000000002ab2800 Exception <a 'java/lang/ClassNotFoundException': org/springframework/core/PriorityOrderedCustomizer> (0x00000000de113d28) thrown at [C:\re\workspace\8-2-build-windows-amd64-cygwin\jdk8u162\10278\hotspot\src\share\vm\classfile\systemDictionary.cpp, line 21
Event: 23.905 Thread 0x0000000002ab2800 Exception <a 'java/lang/ClassNotFoundException': org/springframework/context/ResourceLoaderAwareCustomizer> (0x00000000de12af18) thrown at [C:\re\workspace\8-2-build-windows-amd64-cygwin\jdk8u162\10278\hotspot\src\share\vm\classfile\systemDictionary.cpp, 
Event: 23.906 Thread 0x0000000002ab2800 Exception <a 'java/lang/ClassNotFoundException': org/springframework/beans/factory/BeanClassLoaderAwareCustomizer> (0x00000000de1452e8) thrown at [C:\re\workspace\8-2-build-windows-amd64-cygwin\jdk8u162\10278\hotspot\src\share\vm\classfile\systemDictionar
Event: 23.906 Thread 0x0000000002ab2800 Exception <a 'java/lang/ClassNotFoundException': org/springframework/context/EnvironmentAwareCustomizer> (0x00000000de15cbb8) thrown at [C:\re\workspace\8-2-build-windows-amd64-cygwin\jdk8u162\10278\hotspot\src\share\vm\classfile\systemDictionary.cpp, lin

Events (10 events):
Event: 24.612 loading class io/undertow/Undertow
Event: 24.612 loading class io/undertow/Undertow done
Event: 24.612 loading class org/xnio/SslClientAuthMode
Event: 24.612 loading class org/xnio/SslClientAuthMode done
Event: 24.613 loading class org/eclipse/jetty/server/Server
Event: 24.613 loading class org/eclipse/jetty/server/Server done
Event: 24.613 loading class org/eclipse/jetty/util/Loader
Event: 24.613 loading class org/eclipse/jetty/util/Loader done
Event: 24.613 loading class org/eclipse/jetty/webapp/WebAppContext
Event: 24.613 loading class org/eclipse/jetty/webapp/WebAppContext done


Dynamic libraries:
0x00007ff6d4120000 - 0x00007ff6d4157000 	C:\Program Files\Java\jdk1.8.0_162\jre\bin\java.exe
0x00007ffb3bf00000 - 0x00007ffb3c0e1000 	C:\WINDOWS\SYSTEM32\ntdll.dll
0x00007ffb3a330000 - 0x00007ffb3a3e2000 	C:\WINDOWS\System32\KERNEL32.DLL
0x00007ffb38cc0000 - 0x00007ffb38f33000 	C:\WINDOWS\System32\KERNELBASE.dll
0x00007ffb3ba10000 - 0x00007ffb3bab1000 	C:\WINDOWS\System32\ADVAPI32.dll
0x00007ffb3b970000 - 0x00007ffb3ba0e000 	C:\WINDOWS\System32\msvcrt.dll
0x00007ffb39390000 - 0x00007ffb393eb000 	C:\WINDOWS\System32\sechost.dll
0x00007ffb39420000 - 0x00007ffb39544000 	C:\WINDOWS\System32\RPCRT4.dll
0x00007ffb39a40000 - 0x00007ffb39bd0000 	C:\WINDOWS\System32\USER32.dll
0x00007ffb392d0000 - 0x00007ffb392f0000 	C:\WINDOWS\System32\win32u.dll
0x00007ffb3a2a0000 - 0x00007ffb3a2c8000 	C:\WINDOWS\System32\GDI32.dll
0x00007ffb38f40000 - 0x00007ffb390d2000 	C:\WINDOWS\System32\gdi32full.dll
0x00007ffb392f0000 - 0x00007ffb3938f000 	C:\WINDOWS\System32\msvcp_win.dll
0x00007ffb38450000 - 0x00007ffb3854a000 	C:\WINDOWS\System32\ucrtbase.dll
0x00007ffb276a0000 - 0x00007ffb27909000 	C:\WINDOWS\WinSxS\amd64_microsoft.windows.common-controls_6595b64144ccf1df_6.0.17134.112_none_fb3f961b30681c12\COMCTL32.dll
0x00007ffb39550000 - 0x00007ffb39873000 	C:\WINDOWS\System32\combase.dll
0x00007ffb382d0000 - 0x00007ffb3834a000 	C:\WINDOWS\System32\bcryptPrimitives.dll
0x00007ffb393f0000 - 0x00007ffb3941d000 	C:\WINDOWS\System32\IMM32.DLL
0x000000005e370000 - 0x000000005e441000 	C:\Program Files\Java\jdk1.8.0_162\jre\bin\msvcr100.dll
0x000000005dad0000 - 0x000000005e370000 	C:\Program Files\Java\jdk1.8.0_162\jre\bin\server\jvm.dll
0x00007ffb3a0f0000 - 0x00007ffb3a0f8000 	C:\WINDOWS\System32\PSAPI.DLL
0x00007ffb28b60000 - 0x00007ffb28b69000 	C:\WINDOWS\SYSTEM32\WSOCK32.dll
0x00007ffb34300000 - 0x00007ffb34323000 	C:\WINDOWS\SYSTEM32\WINMM.dll
0x00007ffb28910000 - 0x00007ffb2891a000 	C:\WINDOWS\SYSTEM32\VERSION.dll
0x00007ffb3a3f0000 - 0x00007ffb3a45c000 	C:\WINDOWS\System32\WS2_32.dll
0x00007ffb342d0000 - 0x00007ffb342fa000 	C:\WINDOWS\SYSTEM32\WINMMBASE.dll
0x00007ffb38350000 - 0x00007ffb38399000 	C:\WINDOWS\System32\cfgmgr32.dll
0x000000005dac0000 - 0x000000005dacf000 	C:\Program Files\Java\jdk1.8.0_162\jre\bin\verify.dll
0x000000005da90000 - 0x000000005dab9000 	C:\Program Files\Java\jdk1.8.0_162\jre\bin\java.dll
0x000000005da40000 - 0x000000005da63000 	C:\Program Files\Java\jdk1.8.0_162\jre\bin\instrument.dll
0x000000005da70000 - 0x000000005da86000 	C:\Program Files\Java\jdk1.8.0_162\jre\bin\zip.dll
0x00007ffb3a530000 - 0x00007ffb3b970000 	C:\WINDOWS\System32\SHELL32.dll
0x00007ffb39bd0000 - 0x00007ffb39c79000 	C:\WINDOWS\System32\shcore.dll
0x00007ffb385b0000 - 0x00007ffb38cbd000 	C:\WINDOWS\System32\windows.storage.dll
0x00007ffb3bdc0000 - 0x00007ffb3be11000 	C:\WINDOWS\System32\shlwapi.dll
0x00007ffb38270000 - 0x00007ffb38281000 	C:\WINDOWS\System32\kernel.appcore.dll
0x00007ffb382b0000 - 0x00007ffb382cf000 	C:\WINDOWS\System32\profapi.dll
0x00007ffb38210000 - 0x00007ffb3825c000 	C:\WINDOWS\System32\powrprof.dll
0x00007ffb38260000 - 0x00007ffb3826a000 	C:\WINDOWS\System32\FLTLIB.DLL
0x000000005d930000 - 0x000000005d94a000 	C:\Program Files\Java\jdk1.8.0_162\jre\bin\net.dll
0x00007ffb37a90000 - 0x00007ffb37af6000 	C:\WINDOWS\system32\mswsock.dll
0x00007ffb2bf90000 - 0x00007ffb2bfa6000 	C:\WINDOWS\system32\napinsp.dll
0x00007ffb2bf70000 - 0x00007ffb2bf8a000 	C:\WINDOWS\system32\pnrpnsp.dll
0x00007ffb35020000 - 0x00007ffb35039000 	C:\WINDOWS\system32\NLAapi.dll
0x00007ffb37850000 - 0x00007ffb3790e000 	C:\WINDOWS\SYSTEM32\DNSAPI.dll
0x00007ffb3bc30000 - 0x00007ffb3bc38000 	C:\WINDOWS\System32\NSI.dll
0x00007ffb37810000 - 0x00007ffb37848000 	C:\WINDOWS\SYSTEM32\IPHLPAPI.DLL
0x00007ffb2cf90000 - 0x00007ffb2cf9e000 	C:\WINDOWS\System32\winrnr.dll
0x00007ffb2fd20000 - 0x00007ffb2fd35000 	C:\WINDOWS\System32\wshbth.dll
0x00007ffb2a300000 - 0x00007ffb2a30a000 	C:\Windows\System32\rasadhlp.dll
0x00007ffb2ad80000 - 0x00007ffb2adf2000 	C:\WINDOWS\System32\fwpuclnt.dll
0x00007ffb37d70000 - 0x00007ffb37d95000 	C:\WINDOWS\SYSTEM32\bcrypt.dll
0x000000005d910000 - 0x000000005d921000 	C:\Program Files\Java\jdk1.8.0_162\jre\bin\nio.dll
0x000000005da30000 - 0x000000005da3d000 	C:\Program Files\Java\jdk1.8.0_162\jre\bin\management.dll
0x00007ffb37c40000 - 0x00007ffb37c57000 	C:\WINDOWS\SYSTEM32\CRYPTSP.dll
0x00007ffb37670000 - 0x00007ffb376a3000 	C:\WINDOWS\system32\rsaenh.dll
0x00007ffb38110000 - 0x00007ffb38138000 	C:\WINDOWS\SYSTEM32\USERENV.dll
0x00007ffb37c60000 - 0x00007ffb37c6b000 	C:\WINDOWS\SYSTEM32\CRYPTBASE.dll
0x00007ffb2e530000 - 0x00007ffb2e546000 	C:\WINDOWS\SYSTEM32\dhcpcsvc6.DLL
0x00007ffb2ed00000 - 0x00007ffb2ed1a000 	C:\WINDOWS\SYSTEM32\dhcpcsvc.DLL

VM Arguments:
jvm_args: -javaagent:C:\\Users\\Zachar\\.m2\\repository\\org\\jacoco\\org.jacoco.agent\\0.7.9\\org.jacoco.agent-0.7.9-runtime.jar=destfile=C:\\Users\\Zachar\\Desktop\\Nauka Java\\Project\\project-5-adam-kamil-piotr\\target\\jacoco.exec 
java_command: C:\Users\Zachar\AppData\Local\Temp\surefire5545551235973038931\surefirebooter2063812730828785168.jar C:\Users\Zachar\AppData\Local\Temp\surefire5545551235973038931 2018-07-06T17-23-09_221-jvmRun1 surefire8798261876670488546tmp surefire_09107933474501233363tmp
java_class_path (initial): C:\Users\Zachar\AppData\Local\Temp\surefire5545551235973038931\surefirebooter2063812730828785168.jar;C:\\Users\\Zachar\\.m2\\repository\\org\\jacoco\\org.jacoco.agent\\0.7.9\\org.jacoco.agent-0.7.9-runtime.jar
Launcher Type: SUN_STANDARD

Environment Variables:
PATH=C:\ProgramData\Oracle\Java\javapath;C:\WINDOWS\system32;C:\WINDOWS;C:\WINDOWS\System32\Wbem;C:\WINDOWS\System32\WindowsPowerShell\v1.0\;C:\Program Files (x86)\ATI Technologies\ATI.ACE\Core-Static;C:\Program Files (x86)\Skype\Phone\;C:\Program Files\Calibre2\;C:\Program Files\Git\cmd;C:\WINDOWS\System32\OpenSSH\;C:\Users\Zachar\AppData\Local\Microsoft\WindowsApps;
USERNAME=Zachar
OS=Windows_NT
PROCESSOR_IDENTIFIER=Intel64 Family 6 Model 69 Stepping 1, GenuineIntel



---------------  S Y S T E M  ---------------

OS: Windows 10.0 , 64 bit Build 17134 (10.0.17134.1)

CPU:total 4 (initial active 4) (2 cores per cpu, 2 threads per core) family 6 model 69 stepping 1, cmov, cx8, fxsr, mmx, sse, sse2, sse3, ssse3, sse4.1, sse4.2, popcnt, avx, avx2, aes, clmul, erms, lzcnt, ht, tsc, tscinvbit, bmi1, bmi2

Memory: 4k page, physical 8037484k(1227912k free), swap 9086060k(5948k free)

vm_info: Java HotSpot(TM) 64-Bit Server VM (25.162-b12) for windows-amd64 JRE (1.8.0_162-b12), built on Dec 19 2017 20:00:03 by "java_re" with MS VC++ 10.0 (VS2010)

time: Fri Jul 06 17:23:35 2018
elapsed time: 24 seconds (0d 0h 0m 24s)

